[2024-11-05 18:12:18,729][root][INFO] - ---------------------------------------------------------------
[2024-11-05 18:12:18,730][root][INFO] - Env:
CUDA_VISIBLE_DEVICES: null
PYTHONOPTIMIZE: null

[2024-11-05 18:12:18,731][root][INFO] - Command line args:

[2024-11-05 18:12:18,731][root][INFO] - ---------------------------------------------------------------
[2024-11-05 18:12:18,734][root][INFO] - Run config:
device: '4'
solver_fn:
  _target_: netket.optimizer.solver.cholesky
lr: 0.0001
diag_shift: 1.0e-10
n_iter: 2000
chunk_size_jac: 2
chunk_size_vmap: 1
save_every: 3
base_path: /scratch/.amisery/grad_sample/
model:
  _target_: grad_sample.models.ising.TFI
  L: 3
  h: 1.0
ansatz:
  _target_: netket.models.RBM
  alpha: 1
  param_dtype: complex
task:
  _target_: grad_sample.tasks.fullsum_train.Trainer

[2024-11-05 18:12:18,734][root][INFO] - ---------------------------------------------------------------
[2024-11-05 18:12:21,458][jax._src.xla_bridge][INFO] - Unable to initialize backend 'rocm': module 'jaxlib.xla_extension' has no attribute 'GpuAllocatorConfig'
[2024-11-05 18:12:21,459][jax._src.xla_bridge][INFO] - Unable to initialize backend 'tpu': INTERNAL: Failed to open libtpu.so: libtpu.so: cannot open shared object file: No such file or directory
[2024-11-05 18:13:18,090][matplotlib.texmanager][INFO] - No LaTeX-compatible font found for the sans-serif fontfamily in rcParams. Using default.
[2024-11-05 18:13:18,189][matplotlib.texmanager][INFO] - No LaTeX-compatible font found for the sans-serif fontfamily in rcParams. Using default.
[2024-11-05 18:13:18,192][matplotlib.texmanager][INFO] - No LaTeX-compatible font found for the sans-serif fontfamily in rcParams. Using default.
[2024-11-05 18:13:18,195][matplotlib.texmanager][INFO] - No LaTeX-compatible font found for the sans-serif fontfamily in rcParams. Using default.
[2024-11-05 18:13:18,197][matplotlib.texmanager][INFO] - No LaTeX-compatible font found for the sans-serif fontfamily in rcParams. Using default.
[2024-11-05 18:13:18,199][matplotlib.texmanager][INFO] - No LaTeX-compatible font found for the sans-serif fontfamily in rcParams. Using default.
[2024-11-05 18:13:18,200][matplotlib.texmanager][INFO] - No LaTeX-compatible font found for the sans-serif fontfamily in rcParams. Using default.
[2024-11-05 18:13:18,201][matplotlib.texmanager][INFO] - No LaTeX-compatible font found for the sans-serif fontfamily in rcParams. Using default.
[2024-11-05 18:13:18,202][matplotlib.texmanager][INFO] - No LaTeX-compatible font found for the sans-serif fontfamily in rcParams. Using default.
[2024-11-05 18:13:18,204][matplotlib.texmanager][INFO] - No LaTeX-compatible font found for the sans-serif fontfamily in rcParams. Using default.
[2024-11-05 18:13:18,226][matplotlib.texmanager][INFO] - No LaTeX-compatible font found for the sans-serif fontfamily in rcParams. Using default.
[2024-11-05 18:13:18,227][matplotlib.texmanager][INFO] - No LaTeX-compatible font found for the sans-serif fontfamily in rcParams. Using default.
[2024-11-05 18:13:18,228][matplotlib.texmanager][INFO] - No LaTeX-compatible font found for the sans-serif fontfamily in rcParams. Using default.
[2024-11-05 18:13:18,230][matplotlib.texmanager][INFO] - No LaTeX-compatible font found for the sans-serif fontfamily in rcParams. Using default.
[2024-11-05 18:13:18,231][matplotlib.texmanager][INFO] - No LaTeX-compatible font found for the sans-serif fontfamily in rcParams. Using default.
[2024-11-05 18:13:18,232][matplotlib.texmanager][INFO] - No LaTeX-compatible font found for the sans-serif fontfamily in rcParams. Using default.
[2024-11-05 18:13:18,234][matplotlib.texmanager][INFO] - No LaTeX-compatible font found for the sans-serif fontfamily in rcParams. Using default.
[2024-11-05 18:13:18,234][matplotlib.texmanager][INFO] - No LaTeX-compatible font found for the sans-serif fontfamily in rcParams. Using default.
[2024-11-05 18:13:18,235][matplotlib.texmanager][INFO] - No LaTeX-compatible font found for the sans-serif fontfamily in rcParams. Using default.
[2024-11-05 18:13:18,237][matplotlib.texmanager][INFO] - No LaTeX-compatible font found for the sans-serif fontfamily in rcParams. Using default.
[2024-11-05 18:13:18,238][matplotlib.texmanager][INFO] - No LaTeX-compatible font found for the sans-serif fontfamily in rcParams. Using default.
[2024-11-05 18:13:18,239][matplotlib.texmanager][INFO] - No LaTeX-compatible font found for the sans-serif fontfamily in rcParams. Using default.
[2024-11-05 18:13:18,240][matplotlib.texmanager][INFO] - No LaTeX-compatible font found for the sans-serif fontfamily in rcParams. Using default.
[2024-11-05 18:13:18,241][matplotlib.texmanager][INFO] - No LaTeX-compatible font found for the sans-serif fontfamily in rcParams. Using default.
[2024-11-05 18:13:18,242][matplotlib.texmanager][INFO] - No LaTeX-compatible font found for the sans-serif fontfamily in rcParams. Using default.
[2024-11-05 18:13:18,244][matplotlib.texmanager][INFO] - No LaTeX-compatible font found for the sans-serif fontfamily in rcParams. Using default.
[2024-11-05 18:13:18,244][matplotlib.texmanager][INFO] - No LaTeX-compatible font found for the sans-serif fontfamily in rcParams. Using default.
[2024-11-05 18:13:18,246][matplotlib.texmanager][INFO] - No LaTeX-compatible font found for the sans-serif fontfamily in rcParams. Using default.
[2024-11-05 18:13:18,247][matplotlib.texmanager][INFO] - No LaTeX-compatible font found for the sans-serif fontfamily in rcParams. Using default.
[2024-11-05 18:13:18,248][matplotlib.texmanager][INFO] - No LaTeX-compatible font found for the sans-serif fontfamily in rcParams. Using default.
[2024-11-05 18:13:18,249][matplotlib.texmanager][INFO] - No LaTeX-compatible font found for the sans-serif fontfamily in rcParams. Using default.
[2024-11-05 18:13:18,250][matplotlib.texmanager][INFO] - No LaTeX-compatible font found for the sans-serif fontfamily in rcParams. Using default.
[2024-11-05 18:13:18,251][matplotlib.texmanager][INFO] - No LaTeX-compatible font found for the sans-serif fontfamily in rcParams. Using default.
[2024-11-05 18:13:18,252][matplotlib.texmanager][INFO] - No LaTeX-compatible font found for the sans-serif fontfamily in rcParams. Using default.
[2024-11-05 18:13:18,254][matplotlib.texmanager][INFO] - No LaTeX-compatible font found for the sans-serif fontfamily in rcParams. Using default.
[2024-11-05 18:13:18,254][matplotlib.texmanager][INFO] - No LaTeX-compatible font found for the sans-serif fontfamily in rcParams. Using default.
[2024-11-05 18:13:18,255][matplotlib.texmanager][INFO] - No LaTeX-compatible font found for the sans-serif fontfamily in rcParams. Using default.
[2024-11-05 18:13:18,268][matplotlib.texmanager][INFO] - No LaTeX-compatible font found for the sans-serif fontfamily in rcParams. Using default.
[2024-11-05 18:13:18,271][matplotlib.texmanager][INFO] - No LaTeX-compatible font found for the sans-serif fontfamily in rcParams. Using default.
[2024-11-05 18:13:18,272][matplotlib.texmanager][INFO] - No LaTeX-compatible font found for the sans-serif fontfamily in rcParams. Using default.
[2024-11-05 18:13:18,275][matplotlib.texmanager][INFO] - No LaTeX-compatible font found for the sans-serif fontfamily in rcParams. Using default.
[2024-11-05 18:13:18,276][matplotlib.texmanager][INFO] - No LaTeX-compatible font found for the sans-serif fontfamily in rcParams. Using default.
[2024-11-05 18:13:18,278][matplotlib.texmanager][INFO] - No LaTeX-compatible font found for the sans-serif fontfamily in rcParams. Using default.
[2024-11-05 18:13:18,280][matplotlib.texmanager][INFO] - No LaTeX-compatible font found for the sans-serif fontfamily in rcParams. Using default.
[2024-11-05 18:13:18,281][matplotlib.texmanager][INFO] - No LaTeX-compatible font found for the sans-serif fontfamily in rcParams. Using default.
[2024-11-05 18:13:18,282][matplotlib.texmanager][INFO] - No LaTeX-compatible font found for the sans-serif fontfamily in rcParams. Using default.
[2024-11-05 18:13:18,284][matplotlib.texmanager][INFO] - No LaTeX-compatible font found for the sans-serif fontfamily in rcParams. Using default.
[2024-11-05 18:13:18,285][matplotlib.texmanager][INFO] - No LaTeX-compatible font found for the sans-serif fontfamily in rcParams. Using default.
[2024-11-05 18:13:18,286][matplotlib.texmanager][INFO] - No LaTeX-compatible font found for the sans-serif fontfamily in rcParams. Using default.
[2024-11-05 18:13:18,288][matplotlib.texmanager][INFO] - No LaTeX-compatible font found for the sans-serif fontfamily in rcParams. Using default.
[2024-11-05 18:13:18,288][matplotlib.texmanager][INFO] - No LaTeX-compatible font found for the sans-serif fontfamily in rcParams. Using default.
[2024-11-05 18:13:18,289][matplotlib.texmanager][INFO] - No LaTeX-compatible font found for the sans-serif fontfamily in rcParams. Using default.
[2024-11-05 18:13:18,291][matplotlib.texmanager][INFO] - No LaTeX-compatible font found for the sans-serif fontfamily in rcParams. Using default.
[2024-11-05 18:13:18,291][matplotlib.texmanager][INFO] - No LaTeX-compatible font found for the sans-serif fontfamily in rcParams. Using default.
[2024-11-05 18:13:18,293][matplotlib.texmanager][INFO] - No LaTeX-compatible font found for the sans-serif fontfamily in rcParams. Using default.
[2024-11-05 18:13:18,294][matplotlib.texmanager][INFO] - No LaTeX-compatible font found for the sans-serif fontfamily in rcParams. Using default.
[2024-11-05 18:13:18,295][matplotlib.texmanager][INFO] - No LaTeX-compatible font found for the sans-serif fontfamily in rcParams. Using default.
[2024-11-05 18:13:18,296][matplotlib.texmanager][INFO] - No LaTeX-compatible font found for the sans-serif fontfamily in rcParams. Using default.
[2024-11-05 18:13:18,298][matplotlib.texmanager][INFO] - No LaTeX-compatible font found for the sans-serif fontfamily in rcParams. Using default.
[2024-11-05 18:13:18,298][matplotlib.texmanager][INFO] - No LaTeX-compatible font found for the sans-serif fontfamily in rcParams. Using default.
[2024-11-05 18:13:18,299][matplotlib.texmanager][INFO] - No LaTeX-compatible font found for the sans-serif fontfamily in rcParams. Using default.
[2024-11-05 18:13:18,367][matplotlib.texmanager][INFO] - No LaTeX-compatible font found for the sans-serif fontfamily in rcParams. Using default.
[2024-11-05 18:13:18,368][matplotlib.texmanager][INFO] - No LaTeX-compatible font found for the sans-serif fontfamily in rcParams. Using default.
[2024-11-05 18:13:18,370][matplotlib.texmanager][INFO] - No LaTeX-compatible font found for the sans-serif fontfamily in rcParams. Using default.
[2024-11-05 18:13:18,370][matplotlib.texmanager][INFO] - No LaTeX-compatible font found for the sans-serif fontfamily in rcParams. Using default.
[2024-11-05 18:13:18,372][matplotlib.texmanager][INFO] - No LaTeX-compatible font found for the sans-serif fontfamily in rcParams. Using default.
[2024-11-05 18:13:18,372][matplotlib.texmanager][INFO] - No LaTeX-compatible font found for the sans-serif fontfamily in rcParams. Using default.
[2024-11-05 18:13:18,374][matplotlib.texmanager][INFO] - No LaTeX-compatible font found for the sans-serif fontfamily in rcParams. Using default.
[2024-11-05 18:13:18,374][matplotlib.texmanager][INFO] - No LaTeX-compatible font found for the sans-serif fontfamily in rcParams. Using default.
[2024-11-05 18:13:18,376][matplotlib.texmanager][INFO] - No LaTeX-compatible font found for the sans-serif fontfamily in rcParams. Using default.
[2024-11-05 18:13:18,377][matplotlib.texmanager][INFO] - No LaTeX-compatible font found for the sans-serif fontfamily in rcParams. Using default.
[2024-11-05 18:13:18,378][matplotlib.texmanager][INFO] - No LaTeX-compatible font found for the sans-serif fontfamily in rcParams. Using default.
[2024-11-05 18:13:18,379][matplotlib.texmanager][INFO] - No LaTeX-compatible font found for the sans-serif fontfamily in rcParams. Using default.
[2024-11-05 18:13:18,381][matplotlib.texmanager][INFO] - No LaTeX-compatible font found for the sans-serif fontfamily in rcParams. Using default.
[2024-11-05 18:13:18,381][matplotlib.texmanager][INFO] - No LaTeX-compatible font found for the sans-serif fontfamily in rcParams. Using default.
[2024-11-05 18:13:18,383][matplotlib.texmanager][INFO] - No LaTeX-compatible font found for the sans-serif fontfamily in rcParams. Using default.
[2024-11-05 18:13:18,383][matplotlib.texmanager][INFO] - No LaTeX-compatible font found for the sans-serif fontfamily in rcParams. Using default.
[2024-11-05 18:13:18,385][matplotlib.texmanager][INFO] - No LaTeX-compatible font found for the sans-serif fontfamily in rcParams. Using default.
[2024-11-05 18:13:18,385][matplotlib.texmanager][INFO] - No LaTeX-compatible font found for the sans-serif fontfamily in rcParams. Using default.
[2024-11-05 18:13:18,393][matplotlib.texmanager][INFO] - No LaTeX-compatible font found for the sans-serif fontfamily in rcParams. Using default.
[2024-11-05 18:13:18,394][matplotlib.texmanager][INFO] - No LaTeX-compatible font found for the sans-serif fontfamily in rcParams. Using default.
[2024-11-05 18:13:18,396][matplotlib.texmanager][INFO] - No LaTeX-compatible font found for the sans-serif fontfamily in rcParams. Using default.
[2024-11-05 18:13:18,396][matplotlib.texmanager][INFO] - No LaTeX-compatible font found for the sans-serif fontfamily in rcParams. Using default.
[2024-11-05 18:13:18,398][matplotlib.texmanager][INFO] - No LaTeX-compatible font found for the sans-serif fontfamily in rcParams. Using default.
[2024-11-05 18:13:18,398][matplotlib.texmanager][INFO] - No LaTeX-compatible font found for the sans-serif fontfamily in rcParams. Using default.
[2024-11-05 18:13:18,400][matplotlib.texmanager][INFO] - No LaTeX-compatible font found for the sans-serif fontfamily in rcParams. Using default.
[2024-11-05 18:13:18,401][matplotlib.texmanager][INFO] - No LaTeX-compatible font found for the sans-serif fontfamily in rcParams. Using default.
[2024-11-05 18:13:18,402][matplotlib.texmanager][INFO] - No LaTeX-compatible font found for the sans-serif fontfamily in rcParams. Using default.
[2024-11-05 18:13:18,403][matplotlib.texmanager][INFO] - No LaTeX-compatible font found for the sans-serif fontfamily in rcParams. Using default.
[2024-11-05 18:13:18,405][matplotlib.texmanager][INFO] - No LaTeX-compatible font found for the sans-serif fontfamily in rcParams. Using default.
[2024-11-05 18:13:18,405][matplotlib.texmanager][INFO] - No LaTeX-compatible font found for the sans-serif fontfamily in rcParams. Using default.
