[2024-11-07 10:15:27,741][root][INFO] - ---------------------------------------------------------------
[2024-11-07 10:15:27,742][root][INFO] - Env:
CUDA_VISIBLE_DEVICES: null
PYTHONOPTIMIZE: null

[2024-11-07 10:15:27,743][root][INFO] - Command line args:
ansatz.alpha=1
task=train
n_iter=2000
[2024-11-07 10:15:27,744][root][INFO] - ---------------------------------------------------------------
[2024-11-07 10:15:27,745][root][INFO] - Run config:
device: '4'
solver_fn:
  _target_: netket.optimizer.solver.cholesky
lr: 0.001
diag_shift: 1.0e-10
n_iter: 2000
chunk_size_jac: 2
chunk_size_vmap: 1
save_every: 10
base_path: /scratch/.amisery/grad_sample/
model:
  _target_: grad_sample.models.ising.TFI
  L: 3
  h: 1.0
ansatz:
  _target_: netket.models.RBM
  alpha: 1
  param_dtype: complex
task:
  _target_: grad_sample.tasks.fullsum_train.Trainer

[2024-11-07 10:15:27,746][root][INFO] - ---------------------------------------------------------------
[2024-11-07 10:15:30,178][jax._src.xla_bridge][INFO] - Unable to initialize backend 'cuda': 
[2024-11-07 10:15:30,179][jax._src.xla_bridge][INFO] - Unable to initialize backend 'rocm': module 'jaxlib.xla_extension' has no attribute 'GpuAllocatorConfig'
[2024-11-07 10:15:30,180][jax._src.xla_bridge][INFO] - Unable to initialize backend 'tpu': INTERNAL: Failed to open libtpu.so: libtpu.so: cannot open shared object file: No such file or directory
[2024-11-07 10:15:30,181][jax._src.xla_bridge][WARNING] - An NVIDIA GPU may be present on this machine, but a CUDA-enabled jaxlib is not installed. Falling back to cpu.
