[2024-11-07 14:20:54,441][root][INFO] - ---------------------------------------------------------------
[2024-11-07 14:20:54,442][root][INFO] - Env:
CUDA_VISIBLE_DEVICES: null
PYTHONOPTIMIZE: null

[2024-11-07 14:20:54,443][root][INFO] - Command line args:
ansatz.alpha=1
[2024-11-07 14:20:54,444][root][INFO] - ---------------------------------------------------------------
[2024-11-07 14:20:54,447][root][INFO] - Run config:
device: '4'
solver_fn:
  _target_: netket.optimizer.solver.cholesky
lr: 0.001
diag_shift: 1.0e-10
n_iter: 2000
chunk_size_jac: 2
chunk_size_vmap: 1
save_every: 10
base_path: /scratch/.amisery/grad_sample/
model:
  _target_: grad_sample.models.ising.TFI
  L: 3
  h: 1.0
ansatz:
  _target_: netket.models.RBM
  alpha: 1
  param_dtype: complex
task:
  _target_: grad_sample.tasks.fullsum_analysis.FullSumPruning
  deltadep: false

[2024-11-07 14:20:54,448][root][INFO] - ---------------------------------------------------------------
[2024-11-07 14:20:59,470][jax._src.xla_bridge][INFO] - Unable to initialize backend 'rocm': module 'jaxlib.xla_extension' has no attribute 'GpuAllocatorConfig'
[2024-11-07 14:20:59,472][jax._src.xla_bridge][INFO] - Unable to initialize backend 'tpu': INTERNAL: Failed to open libtpu.so: libtpu.so: cannot open shared object file: No such file or directory
