[2024-11-06 10:57:55,673][root][INFO] - ---------------------------------------------------------------
[2024-11-06 10:57:55,674][root][INFO] - Env:
CUDA_VISIBLE_DEVICES: null
PYTHONOPTIMIZE: null

[2024-11-06 10:57:55,675][root][INFO] - Command line args:

[2024-11-06 10:57:55,675][root][INFO] - ---------------------------------------------------------------
[2024-11-06 10:57:55,677][root][INFO] - Run config:
device: '4'
solver_fn:
  _target_: netket.optimizer.solver.cholesky
lr: 0.001
diag_shift: 1.0e-10
n_iter: 2000
chunk_size_jac: 2
chunk_size_vmap: 1
save_every: 3
base_path: /scratch/.amisery/grad_sample/
model:
  _target_: grad_sample.models.ising.TFI
  L: 3
  h: 1.0
ansatz:
  _target_: netket.models.RBM
  alpha: 1
  param_dtype: complex
task:
  __target__: grad_sample.tasks.fullsum_analysis.FullSumPruning

[2024-11-06 10:57:55,678][root][INFO] - ---------------------------------------------------------------
[2024-11-06 10:57:55,679][root][CRITICAL] - 'DictConfig' object is not callable
Traceback (most recent call last):
  File "/home/amisery/phd/tfi_gs_samples/grad_sample/src/grad_sample/main.py", line 50, in main
    task()
TypeError: 'DictConfig' object is not callable
