[2024-11-07 14:48:59,880][root][INFO] - ---------------------------------------------------------------
[2024-11-07 14:48:59,881][root][INFO] - Env:
CUDA_VISIBLE_DEVICES: null
PYTHONOPTIMIZE: null

[2024-11-07 14:48:59,882][root][INFO] - Command line args:
ansatz.alpha=7
task=analysis_state
chunk_size_vmap=4
[2024-11-07 14:48:59,882][root][INFO] - ---------------------------------------------------------------
[2024-11-07 14:48:59,884][root][INFO] - Run config:
device: '4'
solver_fn:
  _target_: netket.optimizer.solver.cholesky
lr: 0.001
diag_shift: 1.0e-10
n_iter: 2000
chunk_size_jac: 2
chunk_size_vmap: 4
save_every: 10
base_path: /scratch/.amisery/grad_sample/
model:
  _target_: grad_sample.models.ising.TFI
  L: 3
  h: 1.0
ansatz:
  _target_: netket.models.RBM
  alpha: 7
  param_dtype: complex
task:
  _target_: grad_sample.tasks.fullsum_analysis.InfidelityPruning
  deltadep: false

[2024-11-07 14:48:59,885][root][INFO] - ---------------------------------------------------------------
[2024-11-07 14:49:02,707][jax._src.xla_bridge][INFO] - Unable to initialize backend 'rocm': module 'jaxlib.xla_extension' has no attribute 'GpuAllocatorConfig'
[2024-11-07 14:49:02,709][jax._src.xla_bridge][INFO] - Unable to initialize backend 'tpu': INTERNAL: Failed to open libtpu.so: libtpu.so: cannot open shared object file: No such file or directory
