[2024-11-06 19:31:41,846][root][INFO] - ---------------------------------------------------------------
[2024-11-06 19:31:41,847][root][INFO] - Env:
CUDA_VISIBLE_DEVICES: null
PYTHONOPTIMIZE: null

[2024-11-06 19:31:41,848][root][INFO] - Command line args:
ansatz.alpha=5
model.L=4
task=train
[2024-11-06 19:31:41,849][root][INFO] - ---------------------------------------------------------------
[2024-11-06 19:31:41,851][root][INFO] - Run config:
device: '4'
solver_fn:
  _target_: netket.optimizer.solver.cholesky
lr: 0.001
diag_shift: 1.0e-10
n_iter: 500
chunk_size_jac: 2
chunk_size_vmap: 1
save_every: 3
base_path: /scratch/.amisery/grad_sample/
model:
  _target_: grad_sample.models.ising.TFI
  L: 4
  h: 1.0
ansatz:
  _target_: netket.models.RBM
  alpha: 5
  param_dtype: complex
task:
  _target_: grad_sample.tasks.fullsum_train.Trainer

[2024-11-06 19:31:41,852][root][INFO] - ---------------------------------------------------------------
[2024-11-06 19:31:44,789][jax._src.xla_bridge][INFO] - Unable to initialize backend 'rocm': module 'jaxlib.xla_extension' has no attribute 'GpuAllocatorConfig'
[2024-11-06 19:31:44,791][jax._src.xla_bridge][INFO] - Unable to initialize backend 'tpu': INTERNAL: Failed to open libtpu.so: libtpu.so: cannot open shared object file: No such file or directory
