[2024-11-07 14:14:09,246][root][INFO] - ---------------------------------------------------------------
[2024-11-07 14:14:09,247][root][INFO] - Env:
CUDA_VISIBLE_DEVICES: null
PYTHONOPTIMIZE: null

[2024-11-07 14:14:09,248][root][INFO] - Command line args:
ansatz.alpha=8
task=analysis_state
[2024-11-07 14:14:09,248][root][INFO] - ---------------------------------------------------------------
[2024-11-07 14:14:09,250][root][INFO] - Run config:
device: '4'
solver_fn:
  _target_: netket.optimizer.solver.cholesky
lr: 0.001
diag_shift: 1.0e-10
n_iter: 2000
chunk_size_jac: 2
chunk_size_vmap: 1
save_every: 10
base_path: /scratch/.amisery/grad_sample/
model:
  _target_: grad_sample.models.ising.TFI
  L: 3
  h: 1.0
ansatz:
  _target_: netket.models.RBM
  alpha: 8
  param_dtype: complex
task:
  _target_: grad_sample.tasks.fullsum_analysis.InfidelityPruning
  deltadep: false

[2024-11-07 14:14:09,251][root][INFO] - ---------------------------------------------------------------
[2024-11-07 14:14:14,488][jax._src.xla_bridge][INFO] - Unable to initialize backend 'rocm': module 'jaxlib.xla_extension' has no attribute 'GpuAllocatorConfig'
[2024-11-07 14:14:14,491][jax._src.xla_bridge][INFO] - Unable to initialize backend 'tpu': INTERNAL: Failed to open libtpu.so: libtpu.so: cannot open shared object file: No such file or directory
[2024-11-07 14:14:27,504][root][CRITICAL] - could not interpret dimensions
Traceback (most recent call last):
  File "/home/amisery/phd/tfi_gs_samples/grad_sample/src/grad_sample/main.py", line 50, in main
    task()
  File "/home/amisery/phd/tfi_gs_samples/grad_sample/src/grad_sample/tasks/fullsum_analysis.py", line 74, in __call__
    self.load_state(state_idx)
  File "/home/amisery/phd/tfi_gs_samples/grad_sample/src/grad_sample/tasks/fullsum_analysis.py", line 100, in load_state
    self.compute_im_t_ev()
  File "/home/amisery/phd/tfi_gs_samples/grad_sample/src/grad_sample/tasks/fullsum_analysis.py", line 103, in compute_im_t_ev
    self.im_t_ev = self.vstate_arr - self.delta* self.model.H_sp @ self.vstate_arr
                                     ~~~~~~~~~~^~~~~~~~~~~~~~~~~
  File "/scratch/.amisery/netket/lib/python3.11/site-packages/scipy/sparse/_matrix.py", line 47, in __rmul__
    return self._rmatmul_dispatch(other)
           ^^^^^^^^^^^^^^^^^^^^^^^^^^^^^
  File "/scratch/.amisery/netket/lib/python3.11/site-packages/scipy/sparse/_base.py", line 656, in _rmatmul_dispatch
    ret = self.transpose()._matmul_dispatch(tr)
          ^^^^^^^^^^^^^^^^^^^^^^^^^^^^^^^^^^^^^
  File "/scratch/.amisery/netket/lib/python3.11/site-packages/scipy/sparse/_base.py", line 626, in _matmul_dispatch
    raise ValueError('could not interpret dimensions')
ValueError: could not interpret dimensions
