[2024-11-07 15:23:01,607][root][INFO] - ---------------------------------------------------------------
[2024-11-07 15:23:01,608][root][INFO] - Env:
CUDA_VISIBLE_DEVICES: null
PYTHONOPTIMIZE: null

[2024-11-07 15:23:01,609][root][INFO] - Command line args:
ansatz.alpha=1
model.L=4
lr=0.01
chunk_size_vmap=1000
[2024-11-07 15:23:01,609][root][INFO] - ---------------------------------------------------------------
[2024-11-07 15:23:01,611][root][INFO] - Run config:
device: '4'
solver_fn:
  _target_: netket.optimizer.solver.cholesky
lr: 0.01
diag_shift: 1.0e-10
n_iter: 2000
chunk_size_jac: 2
chunk_size_vmap: 1000
save_every: 10
base_path: /scratch/.amisery/grad_sample/
model:
  _target_: grad_sample.models.ising.TFI
  L: 4
  h: 1.0
ansatz:
  _target_: netket.models.RBM
  alpha: 1
  param_dtype: complex
task:
  _target_: grad_sample.tasks.fullsum_analysis.FullSumPruning
  deltadep: false

[2024-11-07 15:23:01,611][root][INFO] - ---------------------------------------------------------------
[2024-11-07 15:23:06,522][jax._src.xla_bridge][INFO] - Unable to initialize backend 'rocm': module 'jaxlib.xla_extension' has no attribute 'GpuAllocatorConfig'
[2024-11-07 15:23:06,523][jax._src.xla_bridge][INFO] - Unable to initialize backend 'tpu': INTERNAL: Failed to open libtpu.so: libtpu.so: cannot open shared object file: No such file or directory
[2024-11-07 15:23:21,013][root][CRITICAL] - RESOURCE_EXHAUSTED: Out of memory while trying to allocate 19646119936 bytes.
Traceback (most recent call last):
  File "/home/amisery/phd/tfi_gs_samples/grad_sample/src/grad_sample/main.py", line 50, in main
    task()
  File "/home/amisery/phd/tfi_gs_samples/grad_sample/src/grad_sample/tasks/fullsum_analysis.py", line 77, in __call__
    in_idx, fid_vals, dp_dist_ev, infid_ev = self.prune()
                                             ^^^^^^^^^^^^
  File "/home/amisery/phd/tfi_gs_samples/grad_sample/src/grad_sample/tasks/fullsum_analysis.py", line 236, in prune
    in_idx, fid_vals = self.get_change(jnp.arange(self.jacobian_orig.shape[0])) #compute infidelity change on entire basis
                       ^^^^^^^^^^^^^^^^^^^^^^^^^^^^^^^^^^^^^^^^^^^^^^^^^^^^^^^^
  File "/home/amisery/phd/tfi_gs_samples/grad_sample/src/grad_sample/tasks/fullsum_analysis.py", line 162, in get_change
    fid_vals = self.vmap_change(indices)
               ^^^^^^^^^^^^^^^^^^^^^^^^^
  File "/scratch/.amisery/netket/lib/python3.11/site-packages/netket/jax/_vmap_chunked.py", line 41, in _eval_fun_in_chunks
    scanmap(vmapped_fun, scan_append, argnums)(*args_chunks, **kwargs)
  File "/scratch/.amisery/netket/lib/python3.11/site-packages/netket/jax/_scanmap.py", line 130, in f_
    return scan_fun(lambda x: f_partial.call_wrapped(*x), dyn_args)
           ^^^^^^^^^^^^^^^^^^^^^^^^^^^^^^^^^^^^^^^^^^^^^^^^^^^^^^^^
  File "/scratch/.amisery/netket/lib/python3.11/site-packages/netket/jax/_scanmap.py", line 88, in scan_append_reduce
    (_, res_op), res_append = jax.lax.scan(f_, carry_init, x, unroll=1)
                              ^^^^^^^^^^^^^^^^^^^^^^^^^^^^^^^^^^^^^^^^^
jaxlib.xla_extension.XlaRuntimeError: RESOURCE_EXHAUSTED: Out of memory while trying to allocate 19646119936 bytes.
--------------------
For simplicity, JAX has removed its internal frames from the traceback of the following exception. Set JAX_TRACEBACK_FILTERING=off to include these.
