[2024-11-06 11:07:51,111][root][INFO] - ---------------------------------------------------------------
[2024-11-06 11:07:51,112][root][INFO] - Env:
CUDA_VISIBLE_DEVICES: null
PYTHONOPTIMIZE: null

[2024-11-06 11:07:51,113][root][INFO] - Command line args:

[2024-11-06 11:07:51,114][root][INFO] - ---------------------------------------------------------------
[2024-11-06 11:07:51,116][root][INFO] - Run config:
device: '4'
solver_fn:
  _target_: netket.optimizer.solver.cholesky
lr: 0.001
diag_shift: 1.0e-10
n_iter: 2000
chunk_size_jac: 2
chunk_size_vmap: 1
save_every: 3
base_path: /scratch/.amisery/grad_sample/
model:
  _target_: grad_sample.models.ising.TFI
  L: 3
  h: 1.0
ansatz:
  _target_: netket.models.RBM
  alpha: 1
  param_dtype: complex
task:
  _target_: grad_sample.tasks.fullsum_analysis.FullSumPruning

[2024-11-06 11:07:51,116][root][INFO] - ---------------------------------------------------------------
[2024-11-06 11:07:54,017][jax._src.xla_bridge][INFO] - Unable to initialize backend 'rocm': module 'jaxlib.xla_extension' has no attribute 'GpuAllocatorConfig'
[2024-11-06 11:07:54,020][jax._src.xla_bridge][INFO] - Unable to initialize backend 'tpu': INTERNAL: Failed to open libtpu.so: libtpu.so: cannot open shared object file: No such file or directory
[2024-11-06 11:08:47,824][root][CRITICAL] - [Errno 2] No such file or directory: '/scratch/.amisery/grad_sample//ising_1.0/L3/RBM/alpha1/saved_3_10/state/736.mpack'
Traceback (most recent call last):
  File "/home/amisery/phd/tfi_gs_samples/grad_sample/src/grad_sample/main.py", line 50, in main
    task()
  File "/home/amisery/phd/tfi_gs_samples/grad_sample/src/grad_sample/tasks/fullsum_analysis.py", line 33, in __call__
    self.load_state(state_idx)
  File "/home/amisery/phd/tfi_gs_samples/grad_sample/src/grad_sample/tasks/fullsum_analysis.py", line 50, in load_state
    with open(self.state_dir + "/%d.mpack"%state_idx, 'rb') as file:
FileNotFoundError: [Errno 2] No such file or directory: '/scratch/.amisery/grad_sample//ising_1.0/L3/RBM/alpha1/saved_3_10/state/736.mpack'
