[2024-11-07 13:46:08,000][root][INFO] - ---------------------------------------------------------------
[2024-11-07 13:46:08,001][root][INFO] - Env:
CUDA_VISIBLE_DEVICES: null
PYTHONOPTIMIZE: null

[2024-11-07 13:46:08,002][root][INFO] - Command line args:
ansatz.alpha=1
model.L=4
task=train
device=3
[2024-11-07 13:46:08,002][root][INFO] - ---------------------------------------------------------------
[2024-11-07 13:46:08,004][root][INFO] - Run config:
device: 3
solver_fn:
  _target_: netket.optimizer.solver.cholesky
lr: 0.001
diag_shift: 1.0e-10
n_iter: 2000
chunk_size_jac: 2
chunk_size_vmap: 1
save_every: 10
base_path: /scratch/.amisery/grad_sample/
model:
  _target_: grad_sample.models.ising.TFI
  L: 4
  h: 1.0
ansatz:
  _target_: netket.models.RBM
  alpha: 1
  param_dtype: complex
task:
  _target_: grad_sample.tasks.fullsum_train.Trainer

[2024-11-07 13:46:08,004][root][INFO] - ---------------------------------------------------------------
[2024-11-07 13:46:13,587][jax._src.xla_bridge][INFO] - Unable to initialize backend 'rocm': module 'jaxlib.xla_extension' has no attribute 'GpuAllocatorConfig'
[2024-11-07 13:46:13,589][jax._src.xla_bridge][INFO] - Unable to initialize backend 'tpu': INTERNAL: Failed to open libtpu.so: libtpu.so: cannot open shared object file: No such file or directory
