[2024-11-06 17:36:35,580][root][INFO] - ---------------------------------------------------------------
[2024-11-06 17:36:35,581][root][INFO] - Env:
CUDA_VISIBLE_DEVICES: null
PYTHONOPTIMIZE: null

[2024-11-06 17:36:35,582][root][INFO] - Command line args:
+rbm.alpha=2
[2024-11-06 17:36:35,583][root][INFO] - ---------------------------------------------------------------
[2024-11-06 17:36:35,585][root][INFO] - Run config:
device: '4'
solver_fn:
  _target_: netket.optimizer.solver.cholesky
lr: 0.001
diag_shift: 1.0e-10
n_iter: 2000
chunk_size_jac: 2
chunk_size_vmap: 1
save_every: 3
base_path: /scratch/.amisery/grad_sample/
model:
  _target_: grad_sample.models.ising.TFI
  L: 3
  h: 1.0
ansatz:
  _target_: netket.models.RBM
  alpha: 1
  param_dtype: complex
task:
  _target_: grad_sample.tasks.fullsum_analysis.FullSumPruning
rbm:
  alpha: 2

[2024-11-06 17:36:35,585][root][INFO] - ---------------------------------------------------------------
[2024-11-06 17:36:38,325][jax._src.xla_bridge][INFO] - Unable to initialize backend 'rocm': module 'jaxlib.xla_extension' has no attribute 'GpuAllocatorConfig'
[2024-11-06 17:36:38,326][jax._src.xla_bridge][INFO] - Unable to initialize backend 'tpu': INTERNAL: Failed to open libtpu.so: libtpu.so: cannot open shared object file: No such file or directory
