[2024-11-06 11:00:15,923][root][INFO] - ---------------------------------------------------------------
[2024-11-06 11:00:15,924][root][INFO] - Env:
CUDA_VISIBLE_DEVICES: null
PYTHONOPTIMIZE: null

[2024-11-06 11:00:15,924][root][INFO] - Command line args:

[2024-11-06 11:00:15,925][root][INFO] - ---------------------------------------------------------------
[2024-11-06 11:00:15,927][root][INFO] - Run config:
device: '4'
solver_fn:
  _target_: netket.optimizer.solver.cholesky
lr: 0.001
diag_shift: 1.0e-10
n_iter: 2000
chunk_size_jac: 2
chunk_size_vmap: 1
save_every: 3
base_path: /scratch/.amisery/grad_sample/
model:
  _target_: grad_sample.models.ising.TFI
  L: 3
  h: 1.0
ansatz:
  _target_: netket.models.RBM
  alpha: 1
  param_dtype: complex
task:
  _target_: grad_sample.tasks.fullsum_analysis.FullSumPruning

[2024-11-06 11:00:15,927][root][INFO] - ---------------------------------------------------------------
[2024-11-06 11:00:18,678][jax._src.xla_bridge][INFO] - Unable to initialize backend 'rocm': module 'jaxlib.xla_extension' has no attribute 'GpuAllocatorConfig'
[2024-11-06 11:00:18,679][jax._src.xla_bridge][INFO] - Unable to initialize backend 'tpu': INTERNAL: Failed to open libtpu.so: libtpu.so: cannot open shared object file: No such file or directory
[2024-11-06 11:00:25,527][root][CRITICAL] - 'FullSumPruning' object has no attribute 'H_sp'
Traceback (most recent call last):
  File "/home/amisery/phd/tfi_gs_samples/grad_sample/src/grad_sample/main.py", line 50, in main
    task()
  File "/home/amisery/phd/tfi_gs_samples/grad_sample/src/grad_sample/tasks/fullsum_analysis.py", line 33, in __call__
    self.load_state(state_idx)
  File "/home/amisery/phd/tfi_gs_samples/grad_sample/src/grad_sample/tasks/fullsum_analysis.py", line 61, in load_state
    self.compute_im_t_ev()
  File "/home/amisery/phd/tfi_gs_samples/grad_sample/src/grad_sample/tasks/fullsum_analysis.py", line 64, in compute_im_t_ev
    self.im_t_ev = self.vstate_arr - self.delta* self.H_sp @ self.vstate_arr
AttributeError: 'FullSumPruning' object has no attribute 'H_sp'
