[2024-11-06 11:00:54,665][root][INFO] - ---------------------------------------------------------------
[2024-11-06 11:00:54,666][root][INFO] - Env:
CUDA_VISIBLE_DEVICES: null
PYTHONOPTIMIZE: null

[2024-11-06 11:00:54,666][root][INFO] - Command line args:

[2024-11-06 11:00:54,667][root][INFO] - ---------------------------------------------------------------
[2024-11-06 11:00:54,669][root][INFO] - Run config:
device: '4'
solver_fn:
  _target_: netket.optimizer.solver.cholesky
lr: 0.001
diag_shift: 1.0e-10
n_iter: 2000
chunk_size_jac: 2
chunk_size_vmap: 1
save_every: 3
base_path: /scratch/.amisery/grad_sample/
model:
  _target_: grad_sample.models.ising.TFI
  L: 3
  h: 1.0
ansatz:
  _target_: netket.models.RBM
  alpha: 1
  param_dtype: complex
task:
  _target_: grad_sample.tasks.fullsum_analysis.FullSumPruning

[2024-11-06 11:00:54,669][root][INFO] - ---------------------------------------------------------------
[2024-11-06 11:00:57,445][jax._src.xla_bridge][INFO] - Unable to initialize backend 'rocm': module 'jaxlib.xla_extension' has no attribute 'GpuAllocatorConfig'
[2024-11-06 11:00:57,446][jax._src.xla_bridge][INFO] - Unable to initialize backend 'tpu': INTERNAL: Failed to open libtpu.so: libtpu.so: cannot open shared object file: No such file or directory
[2024-11-06 11:01:38,791][root][CRITICAL] - unhashable type: 'jaxlib.xla_extension.ArrayImpl'
Traceback (most recent call last):
  File "/home/amisery/phd/tfi_gs_samples/grad_sample/src/grad_sample/main.py", line 50, in main
    task()
  File "/home/amisery/phd/tfi_gs_samples/grad_sample/src/grad_sample/tasks/fullsum_analysis.py", line 36, in __call__
    self.out_dict[state_idx] = {"in_idx": in_idx, "fid_vals": fid_vals,
TypeError: unhashable type: 'jaxlib.xla_extension.ArrayImpl'
