[2024-11-07 10:14:16,309][root][INFO] - ---------------------------------------------------------------
[2024-11-07 10:14:16,310][root][INFO] - Env:
CUDA_VISIBLE_DEVICES: null
PYTHONOPTIMIZE: null

[2024-11-07 10:14:16,310][root][INFO] - Command line args:
ansatz.alpha=3
task=train
n_iter=4000
[2024-11-07 10:14:16,311][root][INFO] - ---------------------------------------------------------------
[2024-11-07 10:14:16,312][root][INFO] - Run config:
device: '4'
solver_fn:
  _target_: netket.optimizer.solver.cholesky
lr: 0.001
diag_shift: 1.0e-10
n_iter: 4000
chunk_size_jac: 2
chunk_size_vmap: 1
save_every: 3
base_path: /scratch/.amisery/grad_sample/
model:
  _target_: grad_sample.models.ising.TFI
  L: 3
  h: 1.0
ansatz:
  _target_: netket.models.RBM
  alpha: 3
  param_dtype: complex
task:
  _target_: grad_sample.tasks.fullsum_train.Trainer

[2024-11-07 10:14:16,313][root][INFO] - ---------------------------------------------------------------
[2024-11-07 10:14:18,810][jax._src.xla_bridge][INFO] - Unable to initialize backend 'cuda': 
[2024-11-07 10:14:18,811][jax._src.xla_bridge][INFO] - Unable to initialize backend 'rocm': module 'jaxlib.xla_extension' has no attribute 'GpuAllocatorConfig'
[2024-11-07 10:14:18,812][jax._src.xla_bridge][INFO] - Unable to initialize backend 'tpu': INTERNAL: Failed to open libtpu.so: libtpu.so: cannot open shared object file: No such file or directory
[2024-11-07 10:14:18,813][jax._src.xla_bridge][WARNING] - An NVIDIA GPU may be present on this machine, but a CUDA-enabled jaxlib is not installed. Falling back to cpu.
