[2024-11-06 15:40:09,993][root][INFO] - ---------------------------------------------------------------
[2024-11-06 15:40:09,994][root][INFO] - Env:
CUDA_VISIBLE_DEVICES: null
PYTHONOPTIMIZE: null

[2024-11-06 15:40:09,995][root][INFO] - Command line args:

[2024-11-06 15:40:09,995][root][INFO] - ---------------------------------------------------------------
[2024-11-06 15:40:09,997][root][INFO] - Run config:
device: '4'
solver_fn:
  _target_: netket.optimizer.solver.cholesky
lr: 0.001
diag_shift: 1.0e-10
n_iter: 2000
chunk_size_jac: 2
chunk_size_vmap: 1
save_every: 3
base_path: /scratch/.amisery/grad_sample/
model:
  _target_: grad_sample.models.ising.TFI
  L: 3
  h: 1.0
ansatz:
  _target_: netket.models.RBM
  alpha: 4
  param_dtype: complex
task:
  _target_: grad_sample.tasks.fullsum_analysis.FullSumPruning

[2024-11-06 15:40:09,998][root][INFO] - ---------------------------------------------------------------
[2024-11-06 15:40:12,750][jax._src.xla_bridge][INFO] - Unable to initialize backend 'rocm': module 'jaxlib.xla_extension' has no attribute 'GpuAllocatorConfig'
[2024-11-06 15:40:12,751][jax._src.xla_bridge][INFO] - Unable to initialize backend 'tpu': INTERNAL: Failed to open libtpu.so: libtpu.so: cannot open shared object file: No such file or directory
[2024-11-06 15:40:29,280][root][CRITICAL] - Non-hashable static arguments are not supported. An error occurred while trying to hash an object of type <class 'jaxlib.xla_extension.ArrayImpl'>, [295]. The error was:
TypeError: unhashable type: 'jaxlib.xla_extension.ArrayImpl'
Traceback (most recent call last):
  File "/home/amisery/phd/tfi_gs_samples/grad_sample/src/grad_sample/main.py", line 50, in main
    task()
  File "/home/amisery/phd/tfi_gs_samples/grad_sample/src/grad_sample/tasks/fullsum_analysis.py", line 42, in __call__
    in_idx, fid_vals, dp_dist_ev, infid_ev = self.prune()
  File "/home/amisery/phd/tfi_gs_samples/grad_sample/src/grad_sample/tasks/fullsum_analysis.py", line 172, in prune
    a,b = self.prune_to(i, in_idx)
  File "/home/amisery/phd/tfi_gs_samples/grad_sample/src/grad_sample/tasks/fullsum_analysis.py", line 160, in prune_to
    dp_sol = self.compute_change(jax.lax.dynamic_slice(in_idx, (0,), (i,)), vmap_version=False)
ValueError: Non-hashable static arguments are not supported. An error occurred while trying to hash an object of type <class 'jaxlib.xla_extension.ArrayImpl'>, [295]. The error was:
TypeError: unhashable type: 'jaxlib.xla_extension.ArrayImpl'

