[2024-11-07 15:23:32,675][root][INFO] - ---------------------------------------------------------------
[2024-11-07 15:23:32,676][root][INFO] - Env:
CUDA_VISIBLE_DEVICES: null
PYTHONOPTIMIZE: null

[2024-11-07 15:23:32,676][root][INFO] - Command line args:
ansatz.alpha=1
model.L=4
lr=0.01
chunk_size_vmap=10000
[2024-11-07 15:23:32,677][root][INFO] - ---------------------------------------------------------------
[2024-11-07 15:23:32,678][root][INFO] - Run config:
device: '4'
solver_fn:
  _target_: netket.optimizer.solver.cholesky
lr: 0.01
diag_shift: 1.0e-10
n_iter: 2000
chunk_size_jac: 2
chunk_size_vmap: 10000
save_every: 10
base_path: /scratch/.amisery/grad_sample/
model:
  _target_: grad_sample.models.ising.TFI
  L: 4
  h: 1.0
ansatz:
  _target_: netket.models.RBM
  alpha: 1
  param_dtype: complex
task:
  _target_: grad_sample.tasks.fullsum_analysis.FullSumPruning
  deltadep: false

[2024-11-07 15:23:32,679][root][INFO] - ---------------------------------------------------------------
[2024-11-07 15:23:37,792][jax._src.xla_bridge][INFO] - Unable to initialize backend 'rocm': module 'jaxlib.xla_extension' has no attribute 'GpuAllocatorConfig'
[2024-11-07 15:23:37,795][jax._src.xla_bridge][INFO] - Unable to initialize backend 'tpu': INTERNAL: Failed to open libtpu.so: libtpu.so: cannot open shared object file: No such file or directory
