[2024-11-07 15:14:37,780][root][INFO] - ---------------------------------------------------------------
[2024-11-07 15:14:37,782][root][INFO] - Env:
CUDA_VISIBLE_DEVICES: null
PYTHONOPTIMIZE: null

[2024-11-07 15:14:37,783][root][INFO] - Command line args:
ansatz.alpha=1
model.L=4
task=train
device=3
lr=0.01
n_iter=500
[2024-11-07 15:14:37,784][root][INFO] - ---------------------------------------------------------------
[2024-11-07 15:14:37,786][root][INFO] - Run config:
device: 3
solver_fn:
  _target_: netket.optimizer.solver.cholesky
lr: 0.01
diag_shift: 1.0e-10
n_iter: 500
chunk_size_jac: 2
chunk_size_vmap: 1
save_every: 10
base_path: /scratch/.amisery/grad_sample/
model:
  _target_: grad_sample.models.ising.TFI
  L: 4
  h: 1.0
ansatz:
  _target_: netket.models.RBM
  alpha: 1
  param_dtype: complex
task:
  _target_: grad_sample.tasks.fullsum_train.Trainer

[2024-11-07 15:14:37,787][root][INFO] - ---------------------------------------------------------------
