[2024-11-07 14:15:55,232][root][INFO] - ---------------------------------------------------------------
[2024-11-07 14:15:55,234][root][INFO] - Env:
CUDA_VISIBLE_DEVICES: null
PYTHONOPTIMIZE: null

[2024-11-07 14:15:55,235][root][INFO] - Command line args:
ansatz.alpha=1
model.L=4
task=train
device=3
lr=0.01
n_iter=500
[2024-11-07 14:15:55,236][root][INFO] - ---------------------------------------------------------------
[2024-11-07 14:15:55,238][root][INFO] - Run config:
device: 3
solver_fn:
  _target_: netket.optimizer.solver.cholesky
lr: 0.01
diag_shift: 1.0e-10
n_iter: 500
chunk_size_jac: 2
chunk_size_vmap: 1
save_every: 10
base_path: /scratch/.amisery/grad_sample/
model:
  _target_: grad_sample.models.ising.TFI
  L: 4
  h: 1.0
ansatz:
  _target_: netket.models.RBM
  alpha: 1
  param_dtype: complex
task:
  _target_: grad_sample.tasks.fullsum_train.Trainer

[2024-11-07 14:15:55,238][root][INFO] - ---------------------------------------------------------------
[2024-11-07 14:16:00,582][jax._src.xla_bridge][INFO] - Unable to initialize backend 'rocm': module 'jaxlib.xla_extension' has no attribute 'GpuAllocatorConfig'
[2024-11-07 14:16:00,584][jax._src.xla_bridge][INFO] - Unable to initialize backend 'tpu': INTERNAL: Failed to open libtpu.so: libtpu.so: cannot open shared object file: No such file or directory
