[2024-11-07 11:37:40,426][root][INFO] - ---------------------------------------------------------------
[2024-11-07 11:37:40,427][root][INFO] - Env:
CUDA_VISIBLE_DEVICES: null
PYTHONOPTIMIZE: null

[2024-11-07 11:37:40,428][root][INFO] - Command line args:
ansatz.alpha=5
chunk_size_vmap=2
[2024-11-07 11:37:40,428][root][INFO] - ---------------------------------------------------------------
[2024-11-07 11:37:40,429][root][INFO] - Run config:
device: '4'
solver_fn:
  _target_: netket.optimizer.solver.cholesky
lr: 0.001
diag_shift: 1.0e-10
n_iter: 2000
chunk_size_jac: 2
chunk_size_vmap: 2
save_every: 10
base_path: /scratch/.amisery/grad_sample/
model:
  _target_: grad_sample.models.ising.TFI
  L: 3
  h: 1.0
ansatz:
  _target_: netket.models.RBM
  alpha: 5
  param_dtype: complex
task:
  _target_: grad_sample.tasks.fullsum_analysis.FullSumPruning

[2024-11-07 11:37:40,430][root][INFO] - ---------------------------------------------------------------
[2024-11-07 11:37:45,651][jax._src.xla_bridge][INFO] - Unable to initialize backend 'rocm': module 'jaxlib.xla_extension' has no attribute 'GpuAllocatorConfig'
[2024-11-07 11:37:45,653][jax._src.xla_bridge][INFO] - Unable to initialize backend 'tpu': INTERNAL: Failed to open libtpu.so: libtpu.so: cannot open shared object file: No such file or directory
