[2024-11-06 15:30:44,944][root][INFO] - ---------------------------------------------------------------
[2024-11-06 15:30:44,945][root][INFO] - Env:
CUDA_VISIBLE_DEVICES: null
PYTHONOPTIMIZE: null

[2024-11-06 15:30:44,945][root][INFO] - Command line args:

[2024-11-06 15:30:44,946][root][INFO] - ---------------------------------------------------------------
[2024-11-06 15:30:44,948][root][INFO] - Run config:
device: '4'
solver_fn:
  _target_: netket.optimizer.solver.cholesky
lr: 0.001
diag_shift: 1.0e-10
n_iter: 2000
chunk_size_jac: 2
chunk_size_vmap: 1
save_every: 3
base_path: /scratch/.amisery/grad_sample/
model:
  _target_: grad_sample.models.ising.TFI
  L: 3
  h: 1.0
ansatz:
  _target_: netket.models.RBM
  alpha: 4
  param_dtype: complex
task:
  _target_: grad_sample.tasks.fullsum_analysis.FullSumPruning

[2024-11-06 15:30:44,948][root][INFO] - ---------------------------------------------------------------
[2024-11-06 15:30:47,708][jax._src.xla_bridge][INFO] - Unable to initialize backend 'rocm': module 'jaxlib.xla_extension' has no attribute 'GpuAllocatorConfig'
[2024-11-06 15:30:47,710][jax._src.xla_bridge][INFO] - Unable to initialize backend 'tpu': INTERNAL: Failed to open libtpu.so: libtpu.so: cannot open shared object file: No such file or directory
[2024-11-06 15:31:04,215][root][CRITICAL] - Array slice indices must have static start/stop/step to be used with NumPy indexing syntax. Found slice(None, Traced<ShapedArray(int64[])>with<BatchTrace(level=1/0)> with
  val = Array([  1,   2,   3,   4,   5,   6,   7,   8,   9,  10,  11,  12,  13,
        14,  15,  16,  17,  18,  19,  20,  21,  22,  23,  24,  25,  26,
        27,  28,  29,  30,  31,  32,  33,  34,  35,  36,  37,  38,  39,
        40,  41,  42,  43,  44,  45,  46,  47,  48,  49,  50,  51,  52,
        53,  54,  55,  56,  57,  58,  59,  60,  61,  62,  63,  64,  65,
        66,  67,  68,  69,  70,  71,  72,  73,  74,  75,  76,  77,  78,
        79,  80,  81,  82,  83,  84,  85,  86,  87,  88,  89,  90,  91,
        92,  93,  94,  95,  96,  97,  98,  99, 100, 101, 102, 103, 104,
       105, 106, 107, 108, 109, 110, 111, 112, 113, 114, 115, 116, 117,
       118, 119, 120, 121, 122, 123, 124, 125, 126, 127, 128, 129, 130,
       131, 132, 133, 134, 135, 136, 137, 138, 139, 140, 141, 142, 143,
       144, 145, 146, 147, 148, 149, 150, 151, 152, 153, 154, 155, 156,
       157, 158, 159, 160, 161, 162, 163, 164, 165, 166, 167, 168, 169,
       170, 171, 172, 173, 174, 175, 176, 177, 178, 179, 180, 181, 182,
       183, 184, 185, 186, 187, 188, 189, 190, 191, 192, 193, 194, 195,
       196, 197, 198, 199, 200, 201, 202, 203, 204, 205, 206, 207, 208,
       209, 210, 211, 212, 213, 214, 215, 216, 217, 218, 219, 220, 221,
       222, 223, 224, 225, 226, 227, 228, 229, 230, 231, 232, 233, 234,
       235, 236, 237, 238, 239, 240, 241, 242, 243, 244, 245, 246, 247,
       248, 249, 250, 251, 252, 253, 254, 255, 256, 257, 258, 259, 260,
       261, 262, 263, 264, 265, 266, 267, 268, 269, 270, 271, 272, 273,
       274, 275, 276, 277, 278, 279, 280, 281, 282, 283, 284, 285, 286,
       287, 288, 289, 290, 291, 292, 293, 294, 295, 296, 297, 298, 299,
       300, 301, 302, 303, 304, 305, 306, 307, 308, 309, 310, 311, 312,
       313, 314, 315, 316, 317, 318, 319, 320, 321, 322, 323, 324, 325,
       326, 327, 328, 329, 330, 331, 332, 333, 334, 335, 336, 337, 338,
       339, 340, 341, 342, 343, 344, 345, 346, 347, 348, 349, 350, 351,
       352, 353, 354, 355, 356, 357, 358, 359, 360, 361, 362, 363, 364,
       365, 366, 367, 368, 369, 370, 371, 372, 373, 374, 375, 376, 377,
       378, 379, 380, 381, 382, 383, 384, 385, 386, 387, 388, 389, 390,
       391, 392, 393, 394, 395, 396, 397, 398, 399, 400, 401, 402, 403,
       404, 405, 406, 407, 408, 409, 410, 411, 412, 413, 414, 415, 416,
       417, 418, 419, 420, 421, 422, 423, 424, 425, 426, 427, 428, 429,
       430, 431, 432, 433, 434, 435, 436, 437, 438, 439, 440, 441, 442,
       443, 444, 445, 446, 447, 448, 449, 450, 451, 452, 453, 454, 455,
       456, 457, 458, 459, 460, 461, 462, 463, 464, 465, 466, 467, 468,
       469, 470, 471, 472, 473, 474, 475, 476, 477, 478, 479, 480, 481,
       482, 483, 484, 485, 486, 487, 488, 489, 490, 491, 492, 493, 494,
       495, 496, 497, 498, 499, 500, 501, 502, 503, 504, 505, 506, 507,
       508, 509, 510, 511], dtype=int64)
  batch_dim = 0, None). To index a statically sized array at a dynamic position, try lax.dynamic_slice/dynamic_update_slice (JAX does not support dynamically sized arrays within JIT compiled functions).
jax.errors.SimplifiedTraceback: For simplicity, JAX has removed its internal frames from the traceback of the following exception. Set JAX_TRACEBACK_FILTERING=off to include these.

The above exception was the direct cause of the following exception:

Traceback (most recent call last):
  File "/home/amisery/phd/tfi_gs_samples/grad_sample/src/grad_sample/main.py", line 50, in main
    task()
  File "/home/amisery/phd/tfi_gs_samples/grad_sample/src/grad_sample/tasks/fullsum_analysis.py", line 42, in __call__
    in_idx, fid_vals, dp_dist_ev, infid_ev = self.prune()
  File "/home/amisery/phd/tfi_gs_samples/grad_sample/src/grad_sample/tasks/fullsum_analysis.py", line 173, in prune
    out = prune_vmap(jnp.arange(1,self.dimH))
  File "/home/amisery/phd/tfi_gs_samples/grad_sample/src/grad_sample/tasks/fullsum_analysis.py", line 171, in <lambda>
    prune_vmap = jax.vmap(lambda i: self.prune_to(i, in_idx))
  File "/home/amisery/phd/tfi_gs_samples/grad_sample/src/grad_sample/tasks/fullsum_analysis.py", line 159, in prune_to
    dp_sol = self.compute_change(in_idx[:i], vmap_version=False)
  File "/scratch/.amisery/netket2/lib/python3.10/site-packages/jax/_src/array.py", line 355, in __getitem__
    return lax_numpy._rewriting_take(self, idx)
  File "/scratch/.amisery/netket2/lib/python3.10/site-packages/jax/_src/numpy/lax_numpy.py", line 8953, in _rewriting_take
    return _gather(arr, treedef, static_idx, dynamic_idx, indices_are_sorted,
  File "/scratch/.amisery/netket2/lib/python3.10/site-packages/jax/_src/numpy/lax_numpy.py", line 8962, in _gather
    indexer = _index_to_gather(shape(arr), idx)  # shared with _scatter_update
  File "/scratch/.amisery/netket2/lib/python3.10/site-packages/jax/_src/numpy/lax_numpy.py", line 9205, in _index_to_gather
    raise IndexError(msg)
IndexError: Array slice indices must have static start/stop/step to be used with NumPy indexing syntax. Found slice(None, Traced<ShapedArray(int64[])>with<BatchTrace(level=1/0)> with
  val = Array([  1,   2,   3,   4,   5,   6,   7,   8,   9,  10,  11,  12,  13,
        14,  15,  16,  17,  18,  19,  20,  21,  22,  23,  24,  25,  26,
        27,  28,  29,  30,  31,  32,  33,  34,  35,  36,  37,  38,  39,
        40,  41,  42,  43,  44,  45,  46,  47,  48,  49,  50,  51,  52,
        53,  54,  55,  56,  57,  58,  59,  60,  61,  62,  63,  64,  65,
        66,  67,  68,  69,  70,  71,  72,  73,  74,  75,  76,  77,  78,
        79,  80,  81,  82,  83,  84,  85,  86,  87,  88,  89,  90,  91,
        92,  93,  94,  95,  96,  97,  98,  99, 100, 101, 102, 103, 104,
       105, 106, 107, 108, 109, 110, 111, 112, 113, 114, 115, 116, 117,
       118, 119, 120, 121, 122, 123, 124, 125, 126, 127, 128, 129, 130,
       131, 132, 133, 134, 135, 136, 137, 138, 139, 140, 141, 142, 143,
       144, 145, 146, 147, 148, 149, 150, 151, 152, 153, 154, 155, 156,
       157, 158, 159, 160, 161, 162, 163, 164, 165, 166, 167, 168, 169,
       170, 171, 172, 173, 174, 175, 176, 177, 178, 179, 180, 181, 182,
       183, 184, 185, 186, 187, 188, 189, 190, 191, 192, 193, 194, 195,
       196, 197, 198, 199, 200, 201, 202, 203, 204, 205, 206, 207, 208,
       209, 210, 211, 212, 213, 214, 215, 216, 217, 218, 219, 220, 221,
       222, 223, 224, 225, 226, 227, 228, 229, 230, 231, 232, 233, 234,
       235, 236, 237, 238, 239, 240, 241, 242, 243, 244, 245, 246, 247,
       248, 249, 250, 251, 252, 253, 254, 255, 256, 257, 258, 259, 260,
       261, 262, 263, 264, 265, 266, 267, 268, 269, 270, 271, 272, 273,
       274, 275, 276, 277, 278, 279, 280, 281, 282, 283, 284, 285, 286,
       287, 288, 289, 290, 291, 292, 293, 294, 295, 296, 297, 298, 299,
       300, 301, 302, 303, 304, 305, 306, 307, 308, 309, 310, 311, 312,
       313, 314, 315, 316, 317, 318, 319, 320, 321, 322, 323, 324, 325,
       326, 327, 328, 329, 330, 331, 332, 333, 334, 335, 336, 337, 338,
       339, 340, 341, 342, 343, 344, 345, 346, 347, 348, 349, 350, 351,
       352, 353, 354, 355, 356, 357, 358, 359, 360, 361, 362, 363, 364,
       365, 366, 367, 368, 369, 370, 371, 372, 373, 374, 375, 376, 377,
       378, 379, 380, 381, 382, 383, 384, 385, 386, 387, 388, 389, 390,
       391, 392, 393, 394, 395, 396, 397, 398, 399, 400, 401, 402, 403,
       404, 405, 406, 407, 408, 409, 410, 411, 412, 413, 414, 415, 416,
       417, 418, 419, 420, 421, 422, 423, 424, 425, 426, 427, 428, 429,
       430, 431, 432, 433, 434, 435, 436, 437, 438, 439, 440, 441, 442,
       443, 444, 445, 446, 447, 448, 449, 450, 451, 452, 453, 454, 455,
       456, 457, 458, 459, 460, 461, 462, 463, 464, 465, 466, 467, 468,
       469, 470, 471, 472, 473, 474, 475, 476, 477, 478, 479, 480, 481,
       482, 483, 484, 485, 486, 487, 488, 489, 490, 491, 492, 493, 494,
       495, 496, 497, 498, 499, 500, 501, 502, 503, 504, 505, 506, 507,
       508, 509, 510, 511], dtype=int64)
  batch_dim = 0, None). To index a statically sized array at a dynamic position, try lax.dynamic_slice/dynamic_update_slice (JAX does not support dynamically sized arrays within JIT compiled functions).
