[2024-11-06 17:36:53,418][root][INFO] - ---------------------------------------------------------------
[2024-11-06 17:36:53,419][root][INFO] - Env:
CUDA_VISIBLE_DEVICES: null
PYTHONOPTIMIZE: null

[2024-11-06 17:36:53,419][root][INFO] - Command line args:
+rbm.alpha=2
[2024-11-06 17:36:53,420][root][INFO] - ---------------------------------------------------------------
[2024-11-06 17:36:53,422][root][INFO] - Run config:
device: '4'
solver_fn:
  _target_: netket.optimizer.solver.cholesky
lr: 0.001
diag_shift: 1.0e-10
n_iter: 2000
chunk_size_jac: 2
chunk_size_vmap: 1
save_every: 3
base_path: /scratch/.amisery/grad_sample/
model:
  _target_: grad_sample.models.ising.TFI
  L: 3
  h: 1.0
ansatz:
  _target_: netket.models.RBM
  alpha: 1
  param_dtype: complex
task:
  _target_: grad_sample.tasks.fullsum_analysis.FullSumPruning
rbm:
  alpha: 2

[2024-11-06 17:36:53,422][root][INFO] - ---------------------------------------------------------------
